[2025-12-07 21:00:24] Starting daily update...
[2025-12-07 21:00:24] Running YIAPS in Docker...
time="2025-12-07T21:00:24+09:00" level=warning msg="/Users/a1234/Desktop/ai-server/YouTube/docker-compose.yml: the attribute `version` is obsolete, it will be ignored, please remove it to avoid potential confusion"
Fetching channel statistics...
Fetching analytics data (last 30 days)...
An error occurred: <HttpError 401 when requesting https://youtubeanalytics.googleapis.com/v2/reports?ids=channel%3D%3DMINE&startDate=2025-11-07&endDate=2025-12-07&metrics=views%2CestimatedMinutesWatched%2CestimatedRevenue%2CsubscribersGained&dimensions=day&sort=day&alt=json returned "Insufficient permission to access this report.". Details: "[{'message': 'Insufficient permission to access this report.', 'domain': 'global', 'reason': 'unauthorized'}]">
Data file /app/data/youtube_stats.csv not found.
No data to analyze.
[2025-12-07 21:00:24] Syncing with GitHub...
fatal: not a git repository (or any of the parent directories): .git
fatal: not a git repository (or any of the parent directories): .git
[2025-12-07 21:00:24] Update completed.
[2025-12-07 21:20:36] Starting daily update...
[2025-12-07 21:20:36] Running YIAPS in Docker...
time="2025-12-07T21:20:36+09:00" level=warning msg="/Users/a1234/Desktop/ai-server/YouTube/docker-compose.yml: the attribute `version` is obsolete, it will be ignored, please remove it to avoid potential confusion"
Fetching channel statistics...
Fetching analytics data (last 30 days)...
An error occurred: <HttpError 401 when requesting https://youtubeanalytics.googleapis.com/v2/reports?ids=channel%3D%3DMINE&startDate=2025-11-07&endDate=2025-12-07&metrics=views%2CestimatedMinutesWatched%2CestimatedRevenue%2CsubscribersGained&dimensions=day&sort=day&alt=json returned "Insufficient permission to access this report.". Details: "[{'message': 'Insufficient permission to access this report.', 'domain': 'global', 'reason': 'unauthorized'}]">
Data file /app/data/youtube_stats.csv not found.
No data to analyze.
[2025-12-07 21:20:36] Syncing with GitHub...
On branch main
Your branch is up to date with 'origin/main'.

Changes not staged for commit:
  (use "git add <file>..." to update what will be committed)
  (use "git restore <file>..." to discard changes in working directory)
	modified:   .gitignore
	modified:   auto_update.log
	modified:   error.log

no changes added to commit (use "git add" and/or "git commit -a")
Everything up-to-date
[2025-12-07 21:20:36] Update completed.
[2025-12-07 21:23:12] Starting daily update...
[2025-12-07 21:23:12] Running YIAPS in Docker...
time="2025-12-07T21:23:12+09:00" level=warning msg="/Users/a1234/Desktop/ai-server/YouTube/docker-compose.yml: the attribute `version` is obsolete, it will be ignored, please remove it to avoid potential confusion"
Fetching channel statistics...
Fetching analytics data (last 30 days)...
An error occurred: <HttpError 500 when requesting https://youtubeanalytics.googleapis.com/v2/reports?ids=channel%3D%3DMINE&startDate=2025-11-07&endDate=2025-12-07&metrics=views%2CestimatedMinutesWatched%2CestimatedRevenue%2CsubscribersGained&dimensions=day&sort=day&alt=json returned "Internal error encountered.". Details: "[{'message': 'Internal error encountered.', 'domain': 'global', 'reason': 'backendError'}]">
Data file /app/data/youtube_stats.csv not found.
No data to analyze.
[2025-12-07 21:23:12] Syncing with GitHub...
On branch main
Your branch is up to date with 'origin/main'.

Changes not staged for commit:
  (use "git add <file>..." to update what will be committed)
  (use "git restore <file>..." to discard changes in working directory)
	modified:   .gitignore
	modified:   auto_update.log
	modified:   error.log

no changes added to commit (use "git add" and/or "git commit -a")
Everything up-to-date
[2025-12-07 21:23:12] Update completed.
[2025-12-07 21:23:53] Starting daily update...
[2025-12-07 21:23:53] Running YIAPS in Docker...
time="2025-12-07T21:23:53+09:00" level=warning msg="/Users/a1234/Desktop/ai-server/YouTube/docker-compose.yml: the attribute `version` is obsolete, it will be ignored, please remove it to avoid potential confusion"
Fetching channel statistics...
Fetching analytics data (last 30 days)...
Error checking revenue (channel might not be monetized): <HttpError 401 when requesting https://youtubeanalytics.googleapis.com/v2/reports?ids=channel%3D%3DMINE&startDate=2025-11-07&endDate=2025-12-07&metrics=views%2CestimatedMinutesWatched%2CestimatedRevenue%2CsubscribersGained&dimensions=day&sort=day&alt=json returned "Insufficient permission to access this report.". Details: "[{'message': 'Insufficient permission to access this report.', 'domain': 'global', 'reason': 'unauthorized'}]">
Retrying without revenue metric...
Channel: BeatNote365
Subscribers: 2
Total Views: 0
Saving data to /app/data/youtube_stats.csv...
Done.
Dashboard data saved to /app/dashboard_data.json
[2025-12-07 21:23:53] Syncing with GitHub...
[main 5189860] Daily Update: 2025-12-07 21:23:53
 1 file changed, 117 insertions(+)
 create mode 100644 dashboard_data.json
To github.com:kj197835/youtube.git
   2efdf92..5189860  main -> main
[2025-12-07 21:23:53] Update completed.
